[    0.00000 Initiaizing cgroupsubsys cpuse
[  0.000000] Initializing cgroup ssys cp
[    0.000000] Initializing cgroup subys cpacct
    0000000] Linux version 4.4.0-170-generic (build@lcy0-amd64-019) (gcc vsion 4.0 20160609(Ubuntu 5..0-6ubuntu1~16.04.12) ) #199-Ubuntu SMP Thu Nov 14 :45:0UTC 20 (Ubuntu 4.4.0-170.199-generic 4.4.0)
[    .000000] Command line: BOOT_IMAGE=/boot/vmlinuz-4.4.0-170-geneic rooLABELloudimrotfs o nsole=ty1 onsoe=ttyS0
[    0.00000] KERNEL supported pus:[    0.000000]   Intel GenuieIntl
[    0.000000   AMD AuthentAMD
[    0.000000]   Centaur CeaurHauls
[    0.000000] x86/fpu: xstate_offset[2]:  576, xstate_sizes[2]:  256
[    0.000000] x86/fpu: Supporting XSAVE feature 0x01: 'x87 floating point registers'
[    0.000000] x86/fpu: Supporting XSAVE feature 0x02: 'SSE registers'
[    0.000000] x86/fpu: Supporting XSAVE feature 0x04: 'AVX registers'
[    0.000000] x86/fpu: Enabled xstate features 0x7, context size is 832 bytes, using 'standard' format.
[    0.000000] e820: BIOS-provided physical RAM map:
[    0.000000] BIOS-e820: [mem 0x0000000000000000-0x000000000009fbff] usable
[    0.000000] BIOS-e820: [mem 0x000000000009fc00-0x000000000009ffff] reserved
[    0.000000] BIOS-e820: [mem 0x00000000000f0000-0x00000000000fffff] reserved
[    0.000000] BIOS-e820: [mem 0x0000000000100000-0x000000003ffeffff] usable
[    0.000000] BIOS-e820: [mem 0x000000003fff0000-0x000000003fffffff] ACPI data
[    0.000000] BIOS-e820: [mem 0x00000000fec00000-0x00000000fec00fff] reserved
[    0.000000] BIOS-e820: [mem 0x00000000fee00000-0x00000000fee00fff] reserved
[    0.000000] BIOS-e820: [mem 0x00000000fffc0000-0x00000000fffffff reserved
[    0.000000] NX(Execute Disable)roection: active
[  0.00000] MBIOS 2.5 present.
[    0.000000] Hypervisor detected: KVM
[    0.000000] e820: last_pfn = 0x3fff0 max_arch_pfn = 0x40000000
    0.000000] MTRR: Disabled
[    0.000000] x86/PAT: MTRRs disabled, skipping PAT initialization too.
[    0.000000] CPU MTRRs all blank - virtualized system.
[    0.000000] x86/PAT: Configuration [0-7]: WB  WT  UC- UC  WB  WT  UC- UC  
[    0.000000] found SMP MP-table at [mem 0x0009fff0-0x0009ffff] mapped at [ffff88000009fff0]
[    0.000000] Scanning 1 areas for low memory corruption
[    0.000000] RAMDISK: [mem 0x362f4000-0x37171fff]
[  0000000ACI: Eay able cckum vifcation disabled
[  0000000] ACPI: RSDP 0x000000000E0000 000024 (v02 VBOX  )
[    0.000000] AI: XSDT 0x000000003FFF0030 00003C (v01 VBOX   VBOXXSDT 00000001 ASL  00000061)
[   0.000000] ACPI: FACP 0x000000003FFF00F0 0000F4 (v04 VBOX   VBOXFACP 00000001 ASL  00000061)
   0.000000] ACPI: DSDT 0x000000003FFF0470 0021FF (v02 VBOX   VBOXBIOS 00000002 INTL 20100528)
[    0.000000] ACPI: FACS 0x000000003FFF0200 000040
[    0.000000] ACPI: FACS 0x000000003FFF0200 000040
[    0.000000] ACPI: APIC 0x000000003FFF0240 00005C (v02 VBOX   VBOXAPIC 00000001 ASL  00000061)
[    0.000000] ACPI: SSDT 0x000000003FFF02A0 0001CC (v01 VBOX   VBOXCPUT 00000002 INTL 20100528)
[    0.000000] No NUMA configuration found
[    0.000000] Faking a node at [mem 0x0000000000000000-0x000000003ffeffff]
[    0.000000] NODE_DATA(0) allocated [mem 0x3ffeb000-0x3ffeffff]
[    0.000000] kvm-clock: Using msrs 4b564d01 and 4b564d00
[    0.000000] kvm-clock: cpu 0, msr 0:3ff001, prirycpu clck
[   0000000] kvm-cock: using sched offset of 375454700 cycles
[   0.0000] cloksorce: kvm-clock: mask: 0xffffffffffffffff max_cycls: 0x1cd42e4dffb, max_idle_ns: 881590591483 ns
[   0.000000] Ze ranges:
[    0.000000]   DMA    [mem 0x000000000001000-0x0000000000ffffff]
[   0.00000]   DMA32    [mem 0x0000000001000000-0x000000003ffeffff]
[    0.000000]   Normal   empty
[    0.000000]   Device   empty
[    0.000000] Movable zone start for each node
[    0.000000] Early memory noe ranges
[    0.000000]   node   0: [mem 0x00000000000000-0000000009efff
[    0.000000]  ode  : [me 0x000000000100000-0x000000003ffeffff]
[   0.000000] Initmem setup noe 0 [m 00000000001000-0x000000003ffeffff]
[  0.0000] CPI: PM-Timer IOPor: 0x4008
[    0.000000] IOAPIC[0]: apic_id 2, version 32, address 0xfec00000, GSI 0-23
[    0.000000] ACPI: INT_SRC_OVR (bus 0 bus_irq 0 global_irq 2 dfl dfl)
[    0.000000] ACPI: INT_SRC_OVR (bus 0 bus_irq 9 global_irq 9 low level)
[    0.000000] Using ACPI (MADT) for SMP configuration information
[    0.000000] smpboot: Allowing 2 CPUs, 0 hotplug CPUs
[    0.000000] PM: Registered nosave memory: [mem 0x00000000-0x00000fff]
[    0.000000] PM: Registered nosave memory: [mem 0x0009f000-0x0009ffff]
[    0.000000] PM: Registered nosave memory: [mem 0x000a0000-0x000effff]
[    0.000000] PM: Registered nosave memory: [mem 0x000f0000-0x000fffff]
[    0.000000] e820: [mem 0x40000000-0xfebfffff] available for PCI devices
[    0.000000] Booting paravirtualized kernel on KVM
[    0.000000] clocksource: refined-jiffies: mask: 0xffffffff max_cycles: 0xffffffff, max_idle_ns: 7645519600211568 ns
[    0.000000] setup_percpu: NR_CPUS:512 nr_cpumask_bits:512 nr_cpu_ids:2 nr_node_ids:1
[    000000] PERCPU: Embedded 33 pages/cpu @ffff88003fc00000 s95448 r8192 d31528 u1048576
[    0.000000] Built 1 zonelists in Node order, mobility grouping on.  Total pages: 257912
[    0.000000] Policy zone: DMA32
[    0.000000] Kernel command line: BOOT_IMAGE=/bboot/vmlinuz-4.4.0-170-generic root=LABEL=cloudimg-rootfs ro console=tty1 console=ttyS0
[    0.000000] PID hash table entries: 4096 (order: 3, 32768 bytes)
[    0.000000] Memory: 997716K/1048120K available (8626K kernel code, 1336K rwdata, 4036K rodata, 1488K init, 1288K bss, 50404K reserd, 0K cma-reserved)
[    0.000000] SLUB: HWalign=64, Order=0-3, MnObjects=0, CPUs=2, Nodes1
[   0.000000] Kerne/Userpage tables isolation: enabled
[  0.0000] Hiearchca RCUmplemetation.
[    0.000000] 	Build-tme adjustment of leaf fanout to 64.
[    0.000000] 	RCU restricting CPUs from NRPUS=512 to nr_cpu_ids=2.
[    0.000000] RCU: Adjusting geometry for rcu_fanout_leaf=64, nr_cpu_ids=2
[    0.000000] NR_IRQS:33024 nr_irqs:440 16
[    0.000000] Console: colour VGA+ 80x25
[    0.000000] console [tty1] enabled
[    0.000000] console [ttyS0] enabled
[    0.000000] tsc: Detected 2712.000 MHz processor
[    6.382271] Calibrating delay loop (skipped) preset value.. 5424.00 BogoMIPS (lpj=10848000)
[    6.386361] pid_max: default: 32768 minimum: 301
[    6.388302] API: Core revision 20150930
[    6.445796] ACPI: 2 ACPI AML tables successfully acquired and loaded
[    6.458178] Security Framework initialized
[    6.470001] Yama: becoming mindful.
[    6.472730] AppArmor: AppArmor initialized
[    6.476324] Dentry cache hash table entries: 131072 (order: 8, 1048576 bytes)
[    6.492005] Inode-cache hash table entries: 65536 (order: 7, 524288 bytes)
[    6.497244] Mount-cache hash table entries: 2048 (order: 2, 16384 bytes)
[    6.501937] Mountpoint-cache hash table entries: 2048 (order: 2, 16384 bytes)
[    6.507065] Initializing cgroup subsys io
[    6.522075] Initializing cgroup subsys memory
[    6.526504] Initializing cgroup subsys devices
[    6.531555] Initializing cgroup subsys freezer
[    6.533911] Initializing cgroup subsys net_cls
[    6.536196] Initializing cgroup subsys perf_event
[    6.550909] Initializing cgroup subsys net_prio
[    6.556007] Initializing cgroup subsys hugetlb
[    6.564312] Initializing cgroup subsys pids
[    6.575357] mce: CPU supports 0 MCE banks
[    6.577492] Last level iTLB entries: 4KB 64, 2MB 8, 4MB 8
[    6.580124] Last level dTLB entries: 4KB 64, 2MB 0, 4MB 0, 1GB 4
[    6.582884] Spectre V1 : Mitigation: usercopy/swapgs barriers and __user pointer sanitization
[    6.655276] Spectre V2 : Mitigation: Full generic retpoline
[    6.678714] Spectre V2 : Spectre v2 / SpectreRSB mitigation: Filling RSB on context switch
[    6.736174] Speculative Store Bypass: Vulnerable
[    6.762523] MDS: Vulnerable: Clear CPU buffers attempted, no microcode
[    6.872516] Freeing SMP alternatives memory: 36K
[    6.922276] ftrace: allocating 32302 entries in 127 pages
[    7.101185] smpboot: APIC(0) Converting physical 0 to logical package 0
[    7.143874] smpboot: Max logical packages: 1
[    7.154053] x2apic enabled
[    7.171064] Switched APIC routing to physical x2apic.
[    7.207767] ..TIMER: vector=0x30 apic1=0 pin1=2 apic2=-1 pin2=-1
[    7.359364] smpboot: CPU0: Intel(R) Core(TM) i5-7200U CPU @ 2.50GHz (family: 0x6, model: 0x8e, stepping: 0x9)
[    7.460281] Performance Events: unsupported p6 CPU model 142 no PMU driver, software events only.
[    7.545544] KVM setup paravirtual spinlock
[    7.597799] x86: Booting SMP configuration:
[    7.619381] .... node  #0, CPUs:      #1
[    7.621385] kvm-clock: cpu 1, msr 0:3ffe3041, secondary cpu clock
[    7.625553] mce: CPU supports 0 MCE banks
[    7.628759] x86: Booted up 1 node, 2 CPUs
[    7.642791] smpboot: Total of 2 processors activated (10848.00 BogoMIPS)
[    7.646406] devtmpfs: initialized
[    7.658564] evm: security.selinux
[    7.660155] evm: security.SMACK64
[    7.668492] evm: security.SMACK64EXEC
[    7.678164] evm: security.SMACK64TRANSMUTE
[    7.688757] evm: security.SMACK64MMAP
[    7.689886] evm: security.ima
[    7.690763] evm: security.capability
[    7.698802] clocksource: jiffies: mask: 0xffffffff max_cycles: 0xffffffff, max_idle_ns: 7645041785100000 ns
[    7.754285] futex hash table entries: 512 (order: 3, 32768 bytes)
[    7.846353] pinctrl core: initialized pinctrl subsystem
[    7.859881] RTC time: 11:25:11, date: 01/17/20
[    7.863376] NET: Registered protocol family 16
[    7.907536] cpuidle: using governor ladder
[    7.950356] cpuidle: using governor menu
[    7.986803] PCCT header not found.
[    8.007730] ACPI: bus type PCI registered
[    8.023456] acpiphp: ACPI Hot Plug PCI Controller Driver version: 0.5
[    8.056728] PCI: Using configuration type 1 for base access
[    8.116829] ACPI: Added _OSI(Module Device)
[    8.130240] ACPI: Added _OSI(Processor Device)
[    8.146809] ACPI: Added _OSI(3.0 _SCP Extensions)
[    8.150617] ACPI: Added _OSI(Processor Aggregator Device)
[    8.210463] ACPI: Executed 1 blocks of module-level executable AML code
[    8.241328] ACPI: Interpreter enabled
[    8.285350] ACPI: (supports S0 S5)
[    8.304341] ACPI: Using IOAPIC for interrupt routing
[    8.311664] PCI: Using host bridge windows from ACPI; if necessary, use "pci=nocrs" and report a bug
[    8.391823] ACPI: PCI Root Bridge [PCI0] (domain 0000 [bus 00-ff])
[    8.425489] acpi PNP0A03:00: _OSC: OS supports [ASPM ClockPM Segments MSI]
[    8.462961] acpi PNP0A03:00: _OSC: not requesting OS control; OS requires [ExtendedConfig ASPM ClockPM MSI]
[    8.528320] acpi PNP0A03:00: fail to add MMCONFIG information, can't access extended PCI configuration space under this bridge.
[    8.568693] PCI host bridge to bus 0000:00
[    8.590709] pci_bus 0000:00: root bus resource [io  0x0000-0x0cf7 window]
[    8.630858] pci_bus 0000:00: root bus resource [io  0x0d00-0xffff window]
[    8.675229] pci_bus 0000:00: root bus resource [mem 0x000a0000-0x000bffff window]
[    8.723352] pci_bus 0000:00: root bus resource [mem 0x40000000-0xfdffffff window]
[    8.729573] pci_bus 0000:00: root bus resource [bus 00-ff]
[    8.743649] pci 0000:00:01.1: legacy IDE quirk: reg 0x10: [io  0x01f0-0x01f7]
[    8.749868] pci 0000:00:01.1: legacy IDE quirk: reg 0x14: [io  0x03f6]
[    8.754662] pci 0000:00:01.1: legacy IDE quirk: reg 0x18: [io  0x0170-0x0177]
[    8.759706] pci 0000:00:01.1: legacy IDE quirk: reg 0x1c: [io  0x0376]
[    8.816564] pci 0000:00:07.0: quirk: [io  0x4000-0x403f] claimed by PIIX4 ACPI
[    8.818404] pci 0000:00:07.0: quirk: [io  0x4100-0x410f] claimed by PIIX4 SMB
[    8.829517] ACPI: PCI Interrupt Link [LNKA] (IRQs 5 9 10 *11)
[    8.850227] ACPI: PCI Interrupt Link [LNKB] (IRQs 5 9 *10 11)
[    8.911645] ACPI: PCI Interrupt Link [LNKC] (IRQs 5 *9 10 11)
[    8.938910] ACPI: PCI Interrupt Link [LNKD] (IRQs 5 9 10 *11)
[    8.956409] ACPI: Enabled 2 GPEs in block 00 to 07
[    9.023247] vgaarb: setting as boot device: PCI:0000:00:02.0
[    9.034341] vgaarb: device added: PCI:0000:00:02.0,decodes=io+mem,owns=io+mem,locks=none
[    9.118801] vgaarb: loaded
[    9.128028] vgaarb: bridge control possible 0000:00:02.0
[    9.134585] SCSI subsystem initialized
[    9.148700] ACPI: bus type USB registered
[    9.192157] usbcore: registered new interface driver usbfs
[    9.252814] usbcore: registered new interface driver hub
[    9.284900] usbcore: registered new device driver usb
[    9.333412] PCI: Using ACPI for IRQ routing
[    9.345245] NetLabel: Initializing
[    9.368160] NetLabel:  domain hash size = 128
[    9.404005] NetLabel:  protocols = UNLABELED CIPSOv4
[    9.442180] NetLabel:  unlabeled traffic allowed by default
[    9.500936] amd_nb: Cannot enumerate AMD northbridges
[    9.534587] clocksource: Switched to clocksource kvm-clock
[    .553 AArm: pAorilystem Enled
[ 103944 p: P PIni
[ 1003523] pnp: PnP ACPI: found 3 devices

[   10.965884] clocksource: acpi_pm: mask: 0xffffff max_cycles: 0xffffff, max_idle_ns: 2085701024 ns
[   10.975765] NET: Registered protocol family 2
[   10.985691] TCP established hash table entries: 8192 (order: 4, 65536 bytes)
[   11.015451] TCP bind hash table entries: 8192 (order: 5, 131072 bytes)
[   11.016900] TCP: Hash tables configured (established 8192 bind 8192)
[   11.018483] UDP hash table entries: 512 (order: 2, 16384 bytes)
[   11.019828] UDP-Lite hash table entries: 512 (order: 2, 16384 bytes)
[   11.021274] NET: Registered protocol family 1
[   11.022375] pci 0000:00:00.0: Limiting direct PCI/PCI transfers
[   11.024000] pci 0000:00:01.0: Activating ISA DMA hang workarounds
[   11.025508] Unpacking initramfs...
[   11.418802] Freeing initrd memory: 14840K
[   11.460241] clocksource: tsc: mask: 0xffffffffffffffff max_cycles: 0x2717868ea45, max_idle_ns: 440795316085 ns
[   11.500892] platform rtc_cmos: registered platform RTC device (no PNP device found)
[   11.545048] Scanning for low memory corruption every 60 seconds
[   11.560093] audit: initializing netlink subsys (disabled)
[   11.606938] audit: type=2000 audit(1579260311.734:1): initialized
[   11.661349] Initialise system trusted keyring
[   11.734535] HugeTLB registered 2 MB page size, pre-allocated 0 pages
[   11.756410] zbud: loaded
[   11.790516] VFS: Disk quotas dquot_6.6.0
[   11.817132] VFS: Dquot-cache hash table entries: 512 (order 0, 4096 bytes)
[   11.846493] squashfs: version 4.0 (2009/01/31) Phillip Lougher
[   11.872661] fuse init (API version 7.23)
[   11.881456] Key type big_key registered
[   11.911162] Allocating IMA MOK and blacklist keyrings.
[   11.992182] Key type asymmetric registered
[   12.004493] Asymmetric key parser 'x509' registered
[   12.007862] Block layer SCSI generic (bsg) driver version 0.4 loaded (major 249)
[   12.036002] io scheduler noop registered
[   12.037211] io scheduler deadline registered (default)
[   12.038759] io scheduler cfq registered
[   12.048319] pci_hotplug: PCI Hot Plug PCI Core version: 0.5
[   12.049936] pciehp: PCI Express Hot Plug Controller Driver version: 0.4
[   12.058098] ACPI: AC Adapter [AC] (off-line)
[   12.059340] input: Power Button as /devices/LNXSYSTM:00/LNXPWRBN:00/input/input0
[   12.081711] ACPI: Power Button [PWRF]
[   12.082785] input: Sleep Button as /devices/LNXSYSTM:00/LNXSLPBN:00/input/input1
[   12.091880] ACPI: Sleep Button [SLPF]
[   12.125328] GHES: HEST is not enabled!
[   12.126230] ACPI: Battery Slot [BAT0] (battery present)
[   12.153104] Serial: 8250/16550 driver, 32 ports, IRQ sharing enabled
ÿ[   12.191132] 00:02: ttyS0 at I/O 0x3f8 (irq = 4, base_baud = 115200) is a 16550A
[   12.257539] Linux agpgart interface v0.103
[   12.311646] loop: module loaded
[   12.317656] scsi host0: ata_piix
[   12.336743] scsi host1: ata_piix
[   12.368067] ata1: PATA max UDMA/33 cmd 0x1f0 ctl 0x3f6 bmdma 0xd000 irq 14
[   12.420441] ata2: PATA max UDMA/33 cmd 0x170 ctl 0x376 bmdma 0xd008 irq 15
[   12.462850] libphy: Fixed MDIO Bus: probed
[   12.498038] tun: Universal TUN/TAP device driver, 1.6
[   12.513759] tun: (C) 1999-2004 Max Krasnyansky <maxk@qualcomm.com>
[   12.567070] PPP generic driver version 2.4.2
[   12.584118] ehci_hcd: USB 2.0 'Enhanced' Host Controller (EHCI) Driver
[   12.597007] ehci-pci: EHCI PCI platform driver
[   12.630304] ehci-platform: EHCI generic platform driver
[   12.676557] ohci_hcd: USB 1.1 'Open' Host Controller (OHCI) Driver
[   12.697422] ohci-pci: OHCI PCI platform driver
[   12.740478] ohci-platform: OHCI generic platform driver
[   12.751118] uhci_hcd: USB Universal Host Controller Interface driver
[   12.781545] i8042: PNP: PS/2 Controller [PNP0303:PS2K,PNP0f03:PS2M] at 0x60,0x64 irq 1,12
[   12.881050] serio: i8042 KBD port at 0x60,0x64 irq 1
[   12.922730] serio: i8042 AUX port at 0x60,0x64 irq 12
[   12.924979] mousedev: PS/2 mouse device common for all mice
[   12.928471] input: AT Translated Set 2 keyboard as /devices/platform/i8042/serio0/input/input2
[   12.939159] rtc_cmos rtc_cmos: rtc core: registered rtc_cmos as rtc0
[   12.948903] rtc_cmos rtc_cmos: alarms up to one day, 114 bytes nvram
[   12.951541] i2c /dev entries driver
[   12.952948] device-mapper: uevent: version 1.0.3
[   12.960742] device-mapper: ioctl: 4.34.0-ioctl (2015-10-28) initialised: dm-devel@redhat.com
[   12.976390] ledtrig-cpu: registered to indicate activity on CPUs
[   12.980337] NET: Registered protocol family 10
[   12.982670] NET: Registered protocol family 17
[   12.984603] Key type dns_resolver registered
[   12.998163] registered taskstats version 1
[   13.007692] Loading compiled-in X.509 certificates
[   13.036061] Loaded X.509 cert 'Build time autogenerated kernel key: f0e56e97f406068ace47a9bf54316e9855aaaa43'
[   13.039965] zswap: loaded using pool lzo/zbud
[   13.054228] Key type trusted registered
[   13.062143] Key type encrypted registered
[   13.070313] AppArmor: AppArmor sha1 policy hashing enabled
[   13.081547] ima: No TPM chip found, activating TPM-bypass!
[   13.083692] ima: Allocated hash algorithm: sha1
[   13.092211] evm: HMAC attrs: 0x1
[   13.103294]   Magic number: 4:785:428
[   13.112065] rtc_cmos rtc_cmos: setting system clock to 2020-01-17 11:25:16 UTC (1579260316)
[   13.116436] BIOS EDD facility v0.16 2004-Jun-25, 0 devices found
[   13.119173] EDD information not available.
[   13.123924] Freeing unused kernel memory: 1488K
[   13.150623] Write protecting the kernel read-only data: 14336k
[   13.162092] Freeing unused kernel memory: 1604K
[   13.164425] Freeing unused kernel memory: 60K
Loading, please wait...
starting version[   13.211519] random: systemd-udevd: uninitialized urandom read (16 bytes read, 5 bits of entropy available)
 229
[   13.213327] random: udevadm: uninitialized urandom read (16 bytes read, 5 bits of entropy available)
[   13.213362] random: udevadm: uninitialized urandom read (16 bytes read, 5 bits of entropy available)
[   13.230520] random: udevadm: uninitialized urandom read (16 bytes read, 5 bits of entropy available)
[   13.230615] random: udevadm: uninitialized urandom read (16 bytes read, 5 bits of entropy available)
[   13.230854] random: udevadm: uninitialized urandom read (16 bytes read, 5 bits of entropy available)
[   13.231100] random: udevadm: uninitialized urandom read (16 bytes read, 5 bits of entropy available)
[   13.231207] random: udevadm: uninitialized urandom read (16 bytes read, 5 bits of entropy available)
[   13.231304] random: udevadm: uninitialized urandom read (16 bytes read, 5 bits of entropy available)
[   13.231441] random: udevadm: uninitialized urandom read (16 bytes read, 5 bits of entropy available)
[   13.301621] e1000: Intel(R) PRO/1000 Network Driver - version 7.3.21-k8-NAPI
[   13.327822] e1000: Copyright (c) 1999-2006 Intel Corporation.
[   13.336817] Fusion MPT base driver 3.04.20
[   13.337884] Copyright (c) 1999-2008 LSI Corporation
[   13.343034] Fusion MPT SPI Host driver 3.04.20
[   13.354595] AVX2 version of gcm_enc/dec engaged.
[   13.356060] AES CTR mode by8 optimization enabled
[   13.545343] input: ImExPS/2 Generic Explorer Mouse as /devices/platform/i8042/serio1/input/input4
[   13.776865] e1000 0000:00:03.0 eth0: (PCI:33MHz:32-bit) 02:4f:25:6a:cc:77
[   13.808449] e1000 0000:00:03.0 eth0: Intel(R) PRO/1000 Network Connection
[   13.887601] mptbase: ioc0: Initiating bringup
[   13.889552] e1000 0000:00:03.0 enp0s3: renamed from eth0
[   14.023353] ioc0: LSI53C1030 A0: Capabilities={Initiator}
[   14.237499] scsi host2: ioc0: LSI53C1030 A0, FwRev=00000000h, Ports=1, MaxQ=256, IRQ=20
[   14.356876] scsi 2:0:0:0: Direct-Access     VBOX     HARDDISK         1.0  PQ: 0 ANSI: 5
[   15.505961] scsi target2:0:0: Beginning Domain Validation
[   15.522766] scsi target2:0:0: Domain Validation skipping write tests
[   15.527444] scsi target2:0:0: Ending Domain Validation
[   15.531987] scsi target2:0:0: asynchronous
[   15.546675] scsi 2:0:1:0: Direct-Access     VBOX     HARDDISK         1.0  PQ: 0 ANSI: 5
[   15.780663] scsi target2:0:1: Beginning Domain Validation
[   16.651064] scsi target2:0:1: Domain Validation skipping write tests
[   17.237551] scsi target2:0:1: Ending Domain Validation
[   18.476550] scsi target2:0:1: asynchronous
[   19.297161] sd 2:0:0:0: Attached scsi generic sg0 type 0
[   19.302273] sd 2:0:0:0: [sda] 20971520 512-byte logical blocks: (10.7 GB/10.0 GiB)
[   19.326702] sd 2:0:0:0: [sda] Write Protect is off
[   19.374194] sd 2:0:0:0: [sda] Incomplete mode parameter data
[   19.374455] sd 2:0:1:0: [sdb] 20480 512-byte logical blocks: (10.5 MB/10.0 MiB)
[   19.374519] sd 2:0:1:0: Attached scsi generic sg1 type 0
[   19.476835] sd 2:0:0:0: [sda] Assuming drive cache: write through
[   19.547282] sd 2:0:1:0: [sdb] Write Protect is off
[   19.575941] sd 2:0:1:0: [sdb] Incomplete mode parameter data
[   19.597034] sd 2:0:1:0: [sdb] Assuming drive cache: write through
[   19.603750]  sda: sda1
[   19.616937] sd 2:0:0:0: [sda] Attached SCSI disk
[   19.636686] sd 2:0:1:0: [sdb] Attached SCSI disk
Begin: Loading essential drivers ... [   21.436927] md: linear personality registered for level -1
[   21.468675] md: multipath personality registered for level -4
[   21.482389] md: raid0 personality registered for level 0
[   21.500690] md: raid1 personality registered for level 1
[   21.586664] raid6: sse2x1   gen()  2098 MB/s
[   21.674761] raid6: sse2x1   xor()  1479 MB/s
[   21.743139] raid6: sse2x2   gen()  2675 MB/s
[   21.823160] raid6: sse2x2   xor()  3579 MB/s
[   21.915438] raid6: sse2x4   gen() 10121 MB/s
[   22.015092] raid6: sse2x4   xor()  7806 MB/s
[   22.099070] raid6: avx2x1   gen() 12728 MB/s
[   22.210625] raid6: avx2x2   gen()  9568 MB/s
[   22.306730] raid6: avx2x4   gen()  7806 MB/s
[   22.312573] raid6: using algorithm avx2x1 gen() 12728 MB/s
[   22.394957] raid6: using avx2x2 recovery algorithm
[   22.410421] xor: automatically using best checksumming function:
[   22.462723]    avx       :  7866.000 MB/sec
[   22.481674] async_tx: api initialized (async)
[   22.521957] md: raid6 personality registered for level 6
[   22.527265] md: raid5 personality registered for level 5
[   22.557408] md: raid4 personality registered for level 4
[   22.587309] md: raid10 personality registered for level 10
done.
Begin: Running /scripts/init-premount ... done.
Begin: Mounting root file system ... Begin: Running /scripts/local-top ... done.
Begin: Running /scripts/local-premount ... [   22.708463] Btrfs loaded
Scanning for Btrfs filesystems
done.
Warning: fsck not present, so skipping root file system
[   22.825380] EXT4-fs (sda1): mounted filesystem with ordered data mode. Opts: (null)
done.
Begin: Running /scripts/local-bottom ... done.
Begin: Running /scripts/init-bottom ... done.
[   23.092035] systemd[1]: systemd 229 running in system mode. (+PAM +AUDIT +SELINUX +IMA +APPARMOR +SMACK +SYSVINIT +UTMP +LIBCRYPTSETUP +GCRYPT +GNUTLS +ACL +XZ -LZ4 +SECCOMP +BLKID +ELFUTILS +KMOD -IDN)
[   23.241222] systemd[1]: Detected virtualization oracle.
[   23.265492] systemd[1]: Detected architecture x86-64.

Welcome to [1mUbuntu 16.04.6 LTS[0m!

[   23.377137] systemd[1]: Set hostname to <ubuntu>.
[   23.401564] systemd[1]: Initializing machine ID from random generator.
[   23.441411] systemd[1]: Installed transient /etc/machine-id file.
[   23.640347] random: nonblocking pool is initialized
[   23.844107] systemd[1]: Listening on udev Kernel Socket.
[[0;32m  OK  [0m] Listening on udev Kernel Socket.
[   23.891758] systemd[1]: Listening on Journal Socket.
[[0;32m  OK  [0m] Listening on Journal Socket.
[   23.941848] systemd[1]: Started Trigger resolvconf update for networkd DNS.
[[0;32m  OK  [0m] Started Trigger resolvconf update for networkd DNS.
[   23.967627] systemd[1]: Reached target Encrypted Volumes.
[[0;32m  OK  [0m] Reached target Encrypted Volumes.
[   23.980375] systemd[1]: Listening on Syslog Socket.
[[0;32m  OK  [0m] Listening on Syslog Socket.
[   23.991866] systemd[1]: Listening on Journal Audit Socket.
[[0;32m  OK  [0m] Listening on Journal Audit Socket.
[   24.002077] systemd[1]: Listening on LVM2 metadata daemon socket.
[[0;32m  OK  [0m] Listening on LVM2 metadata daemon socket.
[   24.017844] systemd[1]: Created slice User and Session Slice.
[[0;32m  OK  [0m] Created slice User and Session Slice.
[   24.032208] systemd[1]: Set up automount Arbitrary Executable File Formats File System Automount Point.
[[0;32m  OK  [0m] Set up automount Arbitrary Executab...ats File System Automount Point.
[   24.060718] systemd[1]: Created slice System Slice.
[[0;32m  OK  [0m] Created slice System Slice.
[   24.107583] systemd[1]: Starting Load Kernel Modules...
         Starting Load Kernel Modules...
[   24.129678] systemd[1]: Starting Remount Root and Kernel File Systems...
         Starting Remount Root and Kernel File Systems...
[   24.150504] systemd[1]: Mounting Debug File System...
         Mounting Debug File System...
[   24.158884] EXT4-fs (sda1): re-mounted. Opts: (null)
[   24.162405] Loading iSCSI transport class v2.0-870.
[   25.237180] systemd[1]: Reached target Slices.
[[0;32m  OK  [0m] Reached target Slices.
[   25.264306] systemd[1]: Starting Create list of required static device nodes for the current kernel...
         Starting Create list of required st... nodes for the current kernel...
[   25.294633] systemd[1]: Reached target System Time Synchronized.
[[0;32m  OK  [0m[   25.304344] iscsi: registered transport (tcp)
] Reached target System Time Synchronized.
[   25.340827] systemd[1]: Created slice system-serial\x2dgetty.slice.
[[0;32m  OK  [0[   25.349300] iscsi: registered transport (iser)
m] Created slice system-serial\x2dgetty.slice.
[   25.415378] systemd[1]: Starting Set console keymap...
         Starting Set console keymap...
[   25.492712] systemd[1]: Listening on Device-mapper event daemon FIFOs.
[[0;32m  OK  [0m] Listening on Device-mapper event daemon FIFOs.
[   25.563461] systemd[1]: Starting Uncomplicated firewall...
         Starting Uncomplicated firewall...
[   25.584344] systemd[1]: Starting Monitoring of LVM2 mirrors, snapshots etc. using dmeventd or progress polling...
         Starting Monitoring of LVM2 mirrors... dmeventd or progress polling...
[   25.667000] systemd[1]: Mounting POSIX Message Queue File System...
         Mounting POSIX Message Queue File System...
[  2747867] systemd[1]: Listening on evonolocket.
[[0;32m  OK  [0m] Listening on udev Control Socket.
[   26.408116] systemd[1]: Listening on Journal Socket (/dev/log).
[[0;32m  OK  [0m] Listening on Journal Socket (/dev/log).
[   26.420978] systemd[1] Listening on LVM2 poll daemon socket.
[ [0;32m  OK  [0m] Listening on LVM2 poll daemon socket.
[   26.506091syem1]: Started Forward Password Requests to Wall Directory Watch.
[[0;32m  OK  [0m] Started Forward Password Requests to Wall Directory Watch.
[  2.2769] systemd[1]: Reached target Swap.
[[0;32m  OK  [0m] Reached target Swap.
[   27.556209] systemd[1]: Starting Journal Service...
         Starting Journal Service...
[   27.583603] sytemd[1]: Reached target User and Group Name Lookups.

[[0;32m  OK  [0m] Reached target User and Group Name Lookups.
[   27.691548] systemd[1]: Mounting Huge Pages File System...
         Mounting Huge Pages File System...
[   27.723759] systemd[1]: Listening on /dev/initctl Compatibility Named Pipe.
[[0;32m  OK  [0m] Listening on /dev/initctl Compatibility Named Pipe.
[   28.032710] systemd[1]: Starting Nameserver information manager...
         Starting Nameserver information manager...
[   28.058357] systemd[1]: Mund Debug File System.

[[0;32m  OK  [0m] Mounted Debug File System.
[   28.212096] systemd[1]: Mounted Huge Pages File System.
[[0;32m  OK  [0m] Mounted Huge Pages File System.
[   28.222252] systemd[1]: Mounted POSIX Message Queue File System.
[[0;32m  OK  [0m] Mounted POSIX Message Queue File System.
[   28.237944] systemd[1]: Started Journal Service.
[[0;32m  OK  [0m] Started Journal Service.
[[0;32m  OK  [0m] Started Load Kernel Modules.
[[0;32m  OK  [0m] Started Remount Root and Kernel File Systems.
[[0;32m  OK  [0m] Started Create list of required sta...ce nodes for the current kernel.
[[0;32m  OK  [0m] Started Set console keymap.
[[0;32m  OK  [0m] Started Uncomplicated firewall.
[[0;32m  OK  [0m] Started Nameserver information manager.
[[0;32m  OK  [0m] Started LVM2 metadata daemon.
         Starting Create Static Device Nodes in /dev...
         Starting Load/Save Random Seed...
         Starting udev Coldplug all Devices...
         Mounting FUSE Control File System...
         Starting Apply Kernel Variables...
         Starting Flush Journal to Persistent Storage...
[[0;32m  OK  [0m] Mounted FUSE Control File System.
[[0;32m  OK  [0m] Started Monitoring of LVM2 mirrors,...ng dmeventd or progress polling.
[[0;32m  OK  [0m] Started Create Static Device Nodes in /dev.
[[0;32m  OK  [0m] Started Load/Save Random Seed.
[[0;32m  OK  [0m] Started Apply Kernel Variables.
[[0;32m  OK  [0m] Started udev Coldplug all Devices.
[[0;32m  OK  [0m] Started Flush Journal to Persistent Storage.
         Starting udev Kernel Device Manager...
[[0;32m  OK  [0m] Reached target Local File Systems (Pre).
[[0;32m  OK  [0m] Reached target Local File Systems.
         Starting Create Volatile Files and Directories...
         Starting Tell Plymouth To Write Out Runtime Data...
         Starting Commit a transient machine-id on disk...
         Starting Initial cloud-init job (pre-networking)...
         Starting LSB: AppArmor initialization...
         Starting Set console font and keymap...
[[0;32m  OK  [0m] Started udev Kernel Device Manager.
[[0;32m  OK  [0m] Started Create Volatile Files and Directories.
[[0;32m  OK  [0m] Started Tell Plymouth To Write Out Runtime Data.
[[0;32m  OK  [0m] Started Commit a transient machine-id on disk.
         Starting Update UTMP about System Boot/Shutdown...
[[0;32m  OK  [0m] Started Dispatch Password Requests to Console Directory Watch.
[[0;32m  OK  [0m] Started Update UTMP about System Boot/Shutdown.
[[0;32m  OK  [0m] Found device /dev/ttyS0.
[[0;32m  OK  [0m] Listening on Load/Save RF Kill Switch Status /dev/rfkill Watch.
[[0;32m  OK  [0m] Started Set console font and keymap.
[[0;32m  OK  [0m] Started LSB: AppArmor initialization.
[   21.997275] cloud-init[497]: Cloud-init v. 19.2-36-g059d049c-0ubuntu2~16.04.1 running 'init-local' at Fri, 17 Jan 2020 11:25:33 +0000. Up 21.52 seconds.
[[0;32m  OK  [0m] Created slice system-getty.slice.
[[0;32m  OK  [0m] Started Initial cloud-init job (pre-networking).
[[0;32m  OK  [0m] Reached target Network (Pre).
         Starting Raise network interfaces...
[[0;32m  OK  [0m] Started Raise network interfaces.
[[0;32m  OK  [0m] Reached target Network.
         Starting Initial cloud-init job (metadata service crawler)...
[   25.091943] cloud-init[955]: Cloud-init v. 19.2-36-g059d049c-0ubuntu2~16.04.1 running 'init' at Fri, 17 Jan 2020 11:25:35 +0000. Up 23.76 seconds.
[[0;32m  OK  [0m] Started Initial cloud-init job (metadata service crawler).
[   25.230079] cloud-init[955]: ci-info: ++++++++++++++++++++++++++++++++++++++Net device info++++++++++++++++++++++++++++++++++++++[[0;32m  OK  [0m] Reached target Network is Online.

[   25.306079]          Starting iSCSI initiator daemon (iscsid)...
[[0;32m  OK  [0m] Reached target Cloud-config availability.
[[0;32m  OK  [0m] Reached target System Initialization.
[[0;32m  OK  [0m] Started Daily apt download activities.
cloud-init[955]: ci-info: +--------+------+----------------------------+---------------+--------+-------------------+
[   25.557629] [[0;32m  OK  [0m] Started ACPI Events Check.
[[0;32m  OK  [0m] Reached target Paths.
[[0;32m  OK  [0m] Started Daily apt upgrade and clean activities.
cloud-init[955]: ci-info: | Device |  Up  |          Address           |      Mask     | Scope  |     Hw-Address    |
[[0;32m  OK  [0m] Started Message of the Day.
[   25.823384] cloud-init[955]: ci-info: +--------+------+----------------------------+---------------+--------+-------------------+
[   25.846695] cloud-init[955]: ci-info: | enp0s3 | True |         10.0.2.15          | 255.255.255.0 | global | 02:4f:25:6a:cc:77 |
[   25.848508] cloud-init[955]: ci-info: | enp0s3 | True | fe80::4f:25ff:fe6a:cc77/64 |       .       |  link  | 02:4f:25:6a:cc:77 |
[   25.849334] cloud-init[955]: ci-info: |   lo   | True |         127.0.0.1          |   255.0.0.0   |  host  |         .         |
[   25.850651] cloud-init[955]: ci-info: |   lo   | True |          ::1/128           |       .       |  host  |         .         |
         Starting LXD - unix socket.
[   25.852881] cloud-init[955]: ci-info: +--------+------+----------------------------+---------------+--------+-------------------+
[   25.925142] cloud-init[955]: ci-info: +++++++++++++++++++++++++++Route IPv4 info++++++++++++++++++++++++++++
[   25.926720] cloud-init[955]: ci-info: +-------+-------------+----------+---------------+-----------+-------+
[   25.927406] cloud-init[955]: ci-info: | Route | Destination | Gateway  |    Genmask    | Interface | Flags |
[   25.930591] cloud-init[955]: ci-info: +-------+-------------+----------+---------------+-----------+-------+
[[0;32m  OK  [0m] Started Daily Cleanup of Temporary Directories.
[   25.931945] cloud-init[955]: ci-info: |   0   |   0.0.0.0   | 10.0.2.2 |    0.0.0.0    |   enp0s3  |   UG  |
[   26.019514] cloud-init[955]: ci-info: |   1   |   10.0.2.0  | 0.0.0.0  | 255.255.255.0 |   enp0s3  |   U   |
[   26.021930] cloud-init[955]: ci-info: +-------+-------------+----------+---------------+-----------+-------+
[   26.023816] cloud-init[955]: ci-info: +++++++++++++++++++Route IPv6 info+++++++++++++++++++
[[0;32m  OK  [0m] Reached target Timers.
[   26.024888] cloud-init[955]: ci-info: +-------+-------------+---------+-----------+-------+
[   26.161427] cloud-init[955]: ci-info: | Route | Destination | Gateway | Interface | Flags |
[   26.163063] cloud-init[955]: ci-info: +-------+-------------+---------+-----------+-------+
[   26.164483] cloud-init[955]: ci-info: |   0   |  fe80::/64  |    ::   |   enp0s3  |   U   |
[   26.165062] cloud-init[955]: ci-info: |   3   |   ff00::/8  |    ::   |   enp0s3  |   U   |
[   26.165974] cloud-init[955]: ci-info: +-------+-------------+---------+-----------+-------+
[   26.168016] cloud-init[955]: Generating public/private rsa key pair.
[   26.169463] cloud-init[955]: Your identification has been saved in /etc/ssh/ssh_host_rsa_key.
[   26.172443] cloud-init[955]: Your public key has been saved in /etc/ssh/ssh_host_rsa_key.pub.
[   26.173422] cloud-init[955]: The key fingerprint is:
[   26.174372] cloud-init[955]: SHA256:gNar8NmJYSagrfubVdR4DtJGqOq3C9lQDcR5cdVYvkY root@ubuntu-xenial
[   26.175530] cloud-init[955]: The key's randomart image is:
[   26.177887] cloud-init[955]: +---[RSA 2048]----+
[   26.178803] cloud-init[955]: |  oo.oo...+.     |
         Starting Socket activation for snappy daemon.
[   26.180604] cloud-init[955]: |   o+*.o ...     |
[   26.598574] cloud-init[955]: |.  o=.O o  E     |
[   26.600299] cloud-init[955]: |.oo. + *  . .    |
[[0;32m  OK  [0m] Listening on D-Bus System Message Bus Socket.
[   26.600733] cloud-init[955]: |.o+ + o S  o     |
[   26.630348] cloud-init[955]: |..+* B .  .      |
[   26.632012] cloud-init[955]: |oo .* o          |
[   26.633849] cloud-init[955]: | o.+             |
[   26.634800] cloud-init[955]: |..=+o            |
[   26.635765] cloud-init[955]: +----[SHA256]-----+
[   26.636837] cloud-init[955]: Generating public/private dsa key pair.
[   26.637372] cloud-init[955]: Your identification has been saved in /etc/ssh/ssh_host_dsa_key.
[   26.637815] cloud-init[955]: Your public key has been saved in /etc/ssh/ssh_host_dsa_key.pub.
[   26.638805] cloud-init[955]: The key fingerprint is:
[   26.639769] cloud-init[955]: SHA256:y53EzFxExGgO++c/+z+OAvNdyXNPNt7nAWIOAoZazwY root@ubuntu-xenial
[[0;32m  OK  [0m] Listening on UUID daemon activation socket.
[   26.641278] cloud-init[955]: The key's randomart image is:
[   26.708527] cloud-init[955]: +---[DSA 1024]----+
[   26.709281] cloud-init[955]: |           =+    |
[   26.709800] cloud-init[955]: |    .   . o..    |
[[0;32m  OK  [0m] Listening on ACPID Listen Socket.
[   26.710766] cloud-init[955]: |   E o   =  .    |
[   26.736922] cloud-init[955]: |  o = . .=..     |
[   26.740556] cloud-init[955]: | .   + .So*o .. .|
[   26.772727] cloud-init[955]: |    .  ..*=.o .*+|
[   26.773648] cloud-init[955]: |        o *+. o+*|
[   26.774126] cloud-init[955]: |           o..oo=|
[[0;32m  OK  [0m] Listening on LXD - unix socket.
[   26.774768] cloud-init[955]: |            .o+*B|
[   26.809394] cloud-init[955]: +----[SHA256]-----+
[   26.809859] cloud-init[955]: Generating public/private ecdsa key pair.
[   26.810864] cloud-init[955]: Your identification has been saved in /etc/ssh/ssh_host_ecdsa_key.
[   26.811933] cloud-init[955]: Your public key has been saved in /etc/ssh/ssh_host_ecdsa_key.pub.
[   26.812948] cloud-init[955]: The key fingerprint is:
[   26.813996] cloud-init[955]: SHA256:I2VZbk5XnCK8MCT+T3QJB7Hn/BG3yMnHhennTGeli/M root@ubuntu-xenial
[   26.814455] cloud-init[955]: The key's randomart image is:
[   26.815053] cloud-init[955]: +---[ECDSA 256]---+
[   26.815510] cloud-init[955]: |      ....=o.... |
[   26.817091] cloud-init[955]: |     . .o+o+.ooo |
[   26.817543] cloud-init[955]: |      . +o*o=.+ +|
[   26.818549] cloud-init[955]: |       + =.*o.+++|
[   26.819542] cloud-init[955]: |      . S o o=++=|
[   26.821051] cloud-init[955]: |       . +   o.O.|
[   26.821445] cloud-init[955]: |          . o o o|
[   26.821933] cloud-init[955]: |             o   |
[   26.822408] cloud-init[955]: |              E  |
[   26.823435] cloud-init[955]: +----[SHA256]-----+
[   26.824918] cloud-init[955]: Generating public/private ed25519 key pair.
[[0;32m  OK  [0m] Listening on Socket activation for snappy daemon.[   26.825322] 
cloud-init[955]: Your identification has been saved in /etc/ssh/ssh_host_ed25519_key.
[   26.861440] cloud-init[955]: Your public key has been saved in /etc/ssh/ssh_host_ed25519_key.pub.
[   26.861991] cloud-init[955]: The key fingerprint is:
[   26.862259] cloud-init[955]: SHA256:ZbUHzIxoZdsMW+BhgHoVOZ/w6IykDPdvpmtqN4630ls root@ubuntu-xenial
[   26.862513] cloud-init[955]: The key's randomart image is:
[[0;32m  OK  [0m] Started iSCSI initiator daemon (iscsid).
[   26.862821] cloud-init[955]: +--[ED25519 256]--+
[   26.884491] cloud-init[955]: |       .o*B*+    |
[   26.897080] cloud-init[955]: |      . B+.X+o   |
[   26.899539] cloud-init[955]: |     . o **.+ .  |
[   26.930674] cloud-init[955]: |  . o o .o+  .   |
[   26.931396] cloud-init[955]: |   + = +S        |
         Starting Login to default iSCSI targets...
[   26.931980] cloud-init[955]: |    o o o        |
[   26.959072] cloud-init[955]: |     . .E        |
[   26.959404] cloud-init[955]: |    o.*.+        |
[   26.960468] cloud-init[955]: |   .oB*O         |
[   26.960716] cloud-init[955]: +----[SHA256]-----+
[[0;32m  OK  [0m] Reached target Sockets.
[[0;32m  OK  [0m] Reached target Basic System.
         Starting Snappy daemon...
[[0;32m  OK  [0m] Started D-Bus System Message Bus.
         Starting Pollinate to seed the pseudo random number generator...
         Starting Accounts Service...
[[0;32m  OK  [0m] Started Deferred execution scheduler.
         Starting /etc/rc.local Compatibility...
         Starting Login Service...
         Starting LSB: MD monitoring daemon...
[[0;32m  OK  [0m] Started ACPI event daemon.
         Starting Virtualbox guest utils...
[[0;32m  OK  [0m] Started FUSE filesystem for LXC.
         Starting LSB: Record successful boot for GRUB...
[[0;32m  OK  [0m] Started Regular background program processing daemon.
         Starting System Logging Service...
         Starting LXD - container startup/shutdown...
[[0;32m  OK  [0m] Started /etc/rc.local Compatibility.
[[0;32m  OK  [0m] Started System Logging Service.
[[0;32m  OK  [0m] Started Snappy daemon.
[[0;32m  OK  [0m] Started Login to default iSCSI targets.
[[0;32m  OK  [0m] Started LSB: MD monitoring daemon.
[[0;32m  OK  [0m] Started Login Service.
[[0;32m  OK  [0m] Started LSB: Record successful boot for GRUB.
[[0;32m  OK  [0m] Started Pollinate to seed the pseudo random number generator.
         Starting OpenBSD Secure Shell server...
[[0;32m  OK  [0m] Started Unattended Upgrades Shutdown.
         Starting Authenticate and Authorize Users to Run Privileged Tasks...
[[0;32m  OK  [0m] Reached target Remote File Systems (Pre).
[[0;32m  OK  [0m] Reached target Remote File Systems.
         Starting Permit User Sessions...
         Starting LSB: Set the CPU Frequency Scaling governor to "ondemand"...
         Starting LSB: automatic crash report generation...
         Starting LSB: daemon to balance interrupts for SMP systems...
         Starting Wait until snapd is fully seeded...
[[0;32m  OK  [0m] Started Virtualbox guest utils.
[[0;32m  OK  [0m] Started LXD - container startup/shutdown.
[[0;32m  OK  [0m] Started Permit User Sessions.
[[0;32m  OK  [0m] Started Authenticate and Authorize Users to Run Privileged Tasks.
[[0;32m  OK  [0m] Started OpenBSD Secure Shell server.
[[0;32m  OK  [0m] Started Accounts Service.
[[0;32m  OK  [0m] Started LSB: Set the CPU Frequency Scaling governor to "ondemand".
[[0;32m  OK  [0m] Started LSB: automatic crash report generation.
         Starting Hold until boot process finishes up...
         Starting Terminate Plymouth Boot Screen...
[[0;32m  OK  [0m] Started LSB: daemon to balance interrupts for SMP systems.
[[0;32m  OK  [0m] Started Hold until boot process finishes up.
[[0;32m  OK  [0m] Started Terminate Plymouth Boot Screen.
         Starting Set console scheme...
[[0;32m  OK  [0m] Started Serial Getty on ttyS0.
[[0;32m  OK  [0m] Started Getty on tty1.
[[0;32m  OK  [0m] Reached target Login Prompts.
[[0;32m  OK  [0m] Started Set console scheme.
[[0;32m  OK  [0m] Created slice User Slice of vagrant.
         Starting User Manager for UID 1000...
[[0;32m  OK  [0m] Started Session 1 of user vagrant.
[[0;32m  OK  [0m] Started User Manager for UID 1000.
[[0;32m  OK  [0m] Started Wait until snapd is fully seeded.
         Starting Apply the settings specified in cloud-config...
[[0;32m  OK  [0m] Reached target Multi-User System.
[[0;32m  OK  [0m] Reached target Graphical Interface.
         Starting Update UTMP about System Runlevel Changes...
[[0;32m  OK  [0m] Started Update UTMP about System Runlevel Changes.
[   29.057986] cloud-init[1367]: Generating locales (this might take a while)...
[   30.168695] cloud-init[1367]:   en_US.UTF-8... done
[   30.194906] cloud-init[1367]: Generation complete.
[   30.582917] cloud-init[1367]: Cloud-init v. 19.2-36-g059d049c-0ubuntu2~16.04.1 running 'modules:config' at Fri, 17 Jan 2020 11:25:40 +0000. Up 28.84 seconds.
[[0;32m  OK  [0m] Started Apply the settings specified in cloud-config.
         Starting Execute cloud user/final scripts...
ci-info: no authorized ssh keys fingerprints found for user ubuntu.
<14>Jan 17 11:25:43 ec2: 
<14>Jan 17 11:25:43 ec2: #############################################################
<14>Jan 17 11:25:43 ec2: -----BEGIN SSH HOST KEY FINGERPRINTS-----
<14>Jan 17 11:25:43 ec2: 1024 SHA256:y53EzFxExGgO++c/+z+OAvNdyXNPNt7nAWIOAoZazwY root@ubuntu-xenial (DSA)
<14>Jan 17 11:25:43 ec2: 256 SHA256:I2VZbk5XnCK8MCT+T3QJB7Hn/BG3yMnHhennTGeli/M root@ubuntu-xenial (ECDSA)
<14>Jan 17 11:25:43 ec2: 256 SHA256:ZbUHzIxoZdsMW+BhgHoVOZ/w6IykDPdvpmtqN4630ls root@ubuntu-xenial (ED25519)
<14>Jan 17 11:25:43 ec2: 2048 SHA256:gNar8NmJYSagrfubVdR4DtJGqOq3C9lQDcR5cdVYvkY root@ubuntu-xenial (RSA)
<14>Jan 17 11:25:43 ec2: -----END SSH HOST KEY FINGERPRINTS-----
<14>Jan 17 11:25:43 ec2: #############################################################
-----BEGIN SSH HOST KEY KEYS-----
ecdsa-sha2-nistp256 AAAAE2VjZHNhLXNoYTItbmlzdHAyNTYAAAAIbmlzdHAyNTYAAABBBDk5Cz1nIbWiYRDdvmo8k29UQpsYXYjcTfblbTfGFxpl1oUFScKd94AIfKjbEoyRh2TvizsPRp/J8Ue746X2Uf8= root@ubuntu-xenial
ssh-ed25519 AAAAC3NzaC1lZDI1NTE5AAAAIPb0e9MEwxs7bL1dWmaVWlt4iex5QSPtC975OUHmLJHN root@ubuntu-xenial
ssh-rsa AAAAB3NzaC1yc2EAAAADAQABAAABAQDHqWp7EuFAwsjHkpFqYzZKRDfONWMyIQAE+xYy6YzgXC79Zq18afVwgYrZIZq+Bh+Qyoad1XUd7dMNjo+daktDT+njq0Jc+lp6MkqU7yoYtJ0z/lcq3PU/VgPSGLQyoLuq+NbFXCryB9pbcAf7lRcihljbbXxp7AMWguhLIgPLBTqbpZkSFOr8IUTJroR7z6zYYzHjIxpl+48ASmEA6DvLgpcxBZnI6hz3TinB5BciJbhkJcNzpzRSUYsELILtQkIYkrP4PRN2gMalti7PwFLgjUJmUWB7PLv1iDUMCSDKDzy6Szqc9s5EcdGPg4WDp2E2LUmuxpztyewk5Zx9EAEZ root@ubuntu-xenial
-----END SSH HOST KEY KEYS-----
[   31.737054] cloud-init[1518]: Cloud-init v. 19.2-36-g059d049c-0ubuntu2~16.04.1 running 'modules:final' at Fri, 17 Jan 2020 11:25:43 +0000. Up 31.00 seconds.
[   31.741262] cloud-init[1518]: ci-info: no authorized ssh keys fingerprints found for user ubuntu.
[   31.750231] cloud-init[1518]: Cloud-init v. 19.2-36-g059d049c-0ubuntu2~16.04.1 finished at Fri, 17 Jan 2020 11:25:43 +0000. Datasource DataSourceNoCloud [seed=/dev/sdb][dsmode=net].  Up 31.72 seconds
[[0;32m  OK  [0m] Started Execute cloud user/final scripts.
[[0;32m  OK  [0m] Reached target Cloud-init target.

Ubuntu 16.04.6 LTS ubuntu-xenial ttyS0

ubuntu-xenial login: 